This is pdfTeX, Version 3.141592653-2.6-1.40.29 (TeX Live 2026/MacPorts 2026.78235_0) (preloaded format=pdflatex 2026.3.12)  24 APR 2026 12:47
entering extended mode
 restricted \write18 enabled.
 %&-line parsing enabled.
**main.tex
(./main.tex
LaTeX2e <2025-11-01>
L3 programming layer <2026-01-19>
(/opt/local/share/texmf-texlive/tex/latex/base/article.cls
Document Class: article 2025/01/22 v1.4n Standard LaTeX document class
(/opt/local/share/texmf-texlive/tex/latex/base/size10.clo
File: size10.clo 2025/01/22 v1.4n Standard LaTeX file (size option)
)
\c@part=\count275
\c@section=\count276
\c@subsection=\count277
\c@subsubsection=\count278
\c@paragraph=\count279
\c@subparagraph=\count280
\c@figure=\count281
\c@table=\count282
\abovecaptionskip=\skip49
\belowcaptionskip=\skip50
\bibindent=\dimen148
)
(/opt/local/share/texmf-texlive/tex/latex/amsmath/amsmath.sty
Package: amsmath 2025/07/09 v2.17z AMS math features
\@mathmargin=\skip51

For additional information on amsmath, use the `?' option.
(/opt/local/share/texmf-texlive/tex/latex/amsmath/amstext.sty
Package: amstext 2024/11/17 v2.01 AMS text

(/opt/local/share/texmf-texlive/tex/latex/amsmath/amsgen.sty
File: amsgen.sty 1999/11/30 v2.0 generic functions
\@emptytoks=\toks17
\ex@=\dimen149
))
(/opt/local/share/texmf-texlive/tex/latex/amsmath/amsbsy.sty
Package: amsbsy 1999/11/29 v1.2d Bold Symbols
\pmbraise@=\dimen150
)
(/opt/local/share/texmf-texlive/tex/latex/amsmath/amsopn.sty
Package: amsopn 2022/04/08 v2.04 operator names
)
\inf@bad=\count283
LaTeX Info: Redefining \frac on input line 233.
\uproot@=\count284
\leftroot@=\count285
LaTeX Info: Redefining \overline on input line 398.
LaTeX Info: Redefining \colon on input line 409.
\classnum@=\count286
\DOTSCASE@=\count287
LaTeX Info: Redefining \ldots on input line 495.
LaTeX Info: Redefining \dots on input line 498.
LaTeX Info: Redefining \cdots on input line 619.
\Mathstrutbox@=\box53
\strutbox@=\box54
LaTeX Info: Redefining \big on input line 721.
LaTeX Info: Redefining \Big on input line 722.
LaTeX Info: Redefining \bigg on input line 723.
LaTeX Info: Redefining \Bigg on input line 724.
\big@size=\dimen151
LaTeX Font Info:    Redeclaring font encoding OML on input line 742.
LaTeX Font Info:    Redeclaring font encoding OMS on input line 743.
\macc@depth=\count288
LaTeX Info: Redefining \bmod on input line 904.
LaTeX Info: Redefining \pmod on input line 909.
LaTeX Info: Redefining \smash on input line 939.
LaTeX Info: Redefining \relbar on input line 969.
LaTeX Info: Redefining \Relbar on input line 970.
\c@MaxMatrixCols=\count289
\dotsspace@=\muskip17
\c@parentequation=\count290
\dspbrk@lvl=\count291
\tag@help=\toks18
\row@=\count292
\column@=\count293
\maxfields@=\count294
\andhelp@=\toks19
\eqnshift@=\dimen152
\alignsep@=\dimen153
\tagshift@=\dimen154
\tagwidth@=\dimen155
\totwidth@=\dimen156
\lineht@=\dimen157
\@envbody=\toks20
\multlinegap=\skip52
\multlinetaggap=\skip53
\mathdisplay@stack=\toks21
LaTeX Info: Redefining \[ on input line 2950.
LaTeX Info: Redefining \] on input line 2951.
)
(/opt/local/share/texmf-texlive/tex/latex/braket/braket.sty)
(/opt/local/share/texmf-texlive/tex/latex/amsfonts/amssymb.sty
Package: amssymb 2013/01/14 v3.01 AMS font symbols

(/opt/local/share/texmf-texlive/tex/latex/amsfonts/amsfonts.sty
Package: amsfonts 2013/01/14 v3.01 Basic AMSFonts support
\symAMSa=\mathgroup4
\symAMSb=\mathgroup5
LaTeX Font Info:    Redeclaring math symbol \hbar on input line 98.
LaTeX Font Info:    Overwriting math alphabet `\mathfrak' in version `bold'
(Font)                  U/euf/m/n --> U/euf/b/n on input line 106.
))
(/opt/local/share/texmf-texlive/tex/latex/l3backend/l3backend-pdftex.def
File: l3backend-pdftex.def 2025-10-09 L3 backend support: PDF output (pdfTeX)
\l__color_backend_stack_int=\count295
)
(./main.aux)
\openout1 = `main.aux'.

LaTeX Font Info:    Checking defaults for OML/cmm/m/it on input line 12.
LaTeX Font Info:    ... okay on input line 12.
LaTeX Font Info:    Checking defaults for OMS/cmsy/m/n on input line 12.
LaTeX Font Info:    ... okay on input line 12.
LaTeX Font Info:    Checking defaults for OT1/cmr/m/n on input line 12.
LaTeX Font Info:    ... okay on input line 12.
LaTeX Font Info:    Checking defaults for T1/cmr/m/n on input line 12.
LaTeX Font Info:    ... okay on input line 12.
LaTeX Font Info:    Checking defaults for TS1/cmr/m/n on input line 12.
LaTeX Font Info:    ... okay on input line 12.
LaTeX Font Info:    Checking defaults for OMX/cmex/m/n on input line 12.
LaTeX Font Info:    ... okay on input line 12.
LaTeX Font Info:    Checking defaults for U/cmr/m/n on input line 12.
LaTeX Font Info:    ... okay on input line 12.
 (./main.toc
LaTeX Font Info:    Trying to load font information for U+msa on input line 2.

(/opt/local/share/texmf-texlive/tex/latex/amsfonts/umsa.fd
File: umsa.fd 2013/01/14 v3.01 AMS symbols A
)
LaTeX Font Info:    Trying to load font information for U+msb on input line 2.

(/opt/local/share/texmf-texlive/tex/latex/amsfonts/umsb.fd
File: umsb.fd 2013/01/14 v3.01 AMS symbols B
))
\tf@toc=\write3
\openout3 = `main.toc'.

 [1



pdfTeX warning: /opt/local/bin/pdflatex (file pdftex.map): cannot open font map
 file
]
Overfull \hbox (62.34006pt too wide) detected at line 51
[]
 []


Overfull \hbox (9.2599pt too wide) in paragraph at lines 53--54
[]\OT1/cmr/m/n/10 where we have used the com-plete-ness re-la-tion of Fock stat
es $\U/msb/m/n/10 I \OT1/cmr/m/n/10 = [][] [] []$ and the iden-tity $[] [] =
 []


Overfull \hbox (53.07733pt too wide) detected at line 65
[]
 []

[2] [3] [4]
Overfull \hbox (22.33061pt too wide) detected at line 332
[]
 []

[5] [6]
Overfull \hbox (48.55609pt too wide) detected at line 455
[]
 []

[7]
Overfull \hbox (72.9997pt too wide) detected at line 497
[]
 []

[8]
Overfull \hbox (23.074pt too wide) detected at line 539
[]
 []

[9]
Overfull \hbox (29.04129pt too wide) detected at line 630
[]
 []

[10] [11]
Overfull \hbox (61.26389pt too wide) detected at line 757
[]
 []

[12] [13]
Overfull \hbox (64.41075pt too wide) detected at line 823
[]
 []

[14]
Overfull \hbox (67.89783pt too wide) detected at line 866
[]
 []


Overfull \hbox (14.83458pt too wide) detected at line 873
[]
 []

[15] [16] [17] [18]
Overfull \hbox (25.70076pt too wide) detected at line 1066
[]
 []


Overfull \hbox (15.8518pt too wide) detected at line 1080
[]
 []


Overfull \hbox (4.29274pt too wide) detected at line 1118
[]
 []

[19]
Overfull \hbox (28.93106pt too wide) detected at line 1182
[]
 []

[20] [21] [22] (./main.aux)
 ***********
LaTeX2e <2025-11-01>
L3 programming layer <2026-01-19>
 ***********
 ) 
Here is how much of TeX's memory you used:
 1756 strings out of 467525
 24429 string characters out of 5421074
 471756 words of memory out of 5000000
 30692 multiletter control sequences out of 15000+600000
 633733 words of font info for 62 fonts, out of 8000000 for 9000
 1141 hyphenation exceptions out of 8191
 56i,26n,65p,1347b,274s stack positions out of 10000i,1000n,20000p,200000b,200000s
 </Users/thomashauschild/Library/texlive/2026/texmf-var/fonts/pk/ljfour/publi
c/cm/cmbx7.600pk> </Users/thomashauschild/Library/texlive/2026/texmf-var/fonts/
pk/ljfour/public/amsfonts/symbols/msbm7.600pk> </Users/thomashauschild/Library/
texlive/2026/texmf-var/fonts/pk/ljfour/public/cm/cmbx5.600pk> </opt/local/share
/texmf-texlive/fonts/pk/ljfour/public/cm/dpi600/cmti10.pk> </Users/thomashausch
ild/Library/texlive/2026/texmf-var/fonts/pk/ljfour/public/cm/cmbx12.600pk> </Us
ers/thomashauschild/Library/texlive/2026/texmf-var/fonts/pk/ljfour/public/amsfo
nts/cmextra/cmmib5.600pk> </Users/thomashauschild/Library/texlive/2026/texmf-va
r/fonts/pk/ljfour/public/amsfonts/cmextra/cmmib7.600pk> </Users/thomashauschild
/Library/texlive/2026/texmf-var/fonts/pk/ljfour/public/cm/cmbsy10.600pk> </User
s/thomashauschild/Library/texlive/2026/texmf-var/fonts/pk/ljfour/public/cm/cmsy
5.600pk> </Users/thomashauschild/Library/texlive/2026/texmf-var/fonts/pk/ljfour
/public/cm/cmr5.600pk> </Users/thomashauschild/Library/texlive/2026/texmf-var/f
onts/pk/ljfour/public/amsfonts/symbols/msbm10.600pk> </Users/thomashauschild/Li
brary/texlive/2026/texmf-var/fonts/pk/ljfour/public/amsfonts/cmextra/cmbsy7.600
pk> </Users/thomashauschild/Library/texlive/2026/texmf-var/fonts/pk/ljfour/publ
ic/cm/cmmib10.600pk> </opt/local/share/texmf-texlive/fonts/pk/ljfour/public/cm/
dpi600/cmr7.pk> </Users/thomashauschild/Library/texlive/2026/texmf-var/fonts/pk
/ljfour/public/cm/cmmi5.600pk> </opt/local/share/texmf-texlive/fonts/pk/ljfour/
public/cm/dpi600/cmsy7.pk> </opt/local/share/texmf-texlive/fonts/pk/ljfour/publ
ic/cm/dpi600/cmex10.pk> </opt/local/share/texmf-texlive/fonts/pk/ljfour/public/
cm/dpi600/cmsy10.pk> </opt/local/share/texmf-texlive/fonts/pk/ljfour/public/cm/
dpi600/cmmi7.pk> </opt/local/share/texmf-texlive/fonts/pk/ljfour/public/cm/dpi6
00/cmmi10.pk> </opt/local/share/texmf-texlive/fonts/pk/ljfour/public/cm/dpi600/
cmr10.pk> </opt/local/share/texmf-texlive/fonts/pk/ljfour/public/cm/dpi600/cmbx
10.pk> </Users/thomashauschild/.texlive2026/texmf-var/fonts/pk/ljfour/public/cm
/cmbx12.720pk>
Output written on main.pdf (22 pages, 190345 bytes).
PDF statistics:
 597 PDF objects out of 1000 (max. 8388607)
 142 compressed objects within 2 object streams
 0 named destinations out of 1000 (max. 500000)
 1 words of extra memory for PDF output out of 10000 (max. 10000000)

